<?xml version="1.0" encoding="UTF-8"?>
<testsuite xmlns:xsi="http://www.w3.org/2001/XMLSchema-instance" xsi:noNamespaceSchemaLocation="https://maven.apache.org/surefire/maven-surefire-plugin/xsd/surefire-test-report-3.0.xsd" version="3.0" name="cucumberOptions.TestRunner" time="0.394" tests="52" errors="0" skipped="0" failures="0">
  <properties>
[...]
</properties>
  <testcase name="Validate the browser" classname="Home page default login #1" time="0.004">
    <system-out><![CDATA[Validate the browse
]]></system-out>
  </testcase>
  <testcase name="Browser is triggered" classname="Home page default login #1" time="0">
    <system-out><![CDATA[Browser is triggered
]]></system-out>
  </testcase>
  <testcase name="Check if browser is started" classname="Home page default login #1" time="0.001">
    <system-out><![CDATA[Check if browser is starte
]]></system-out>
  </testcase>
  <testcase name="User is on landing page" classname="Home page default login #1" time="0">
    <system-out><![CDATA[User is on landing page
]]></system-out>
  </testcase>
  <testcase name="User is on landing page" classname="Home page default login #1" time="0">
    <system-out><![CDATA[User is on landing page
]]></system-out>
  </testcase>
  <testcase name="User login in to application with Rishabh and 12347" classname="Home page default login #1" time="0.001">
    <system-out><![CDATA[Rishabh
12347
]]></system-out>
  </testcase>
  <testcase name="Home page is populated" classname="Home page default login #1" time="0">
    <system-out><![CDATA[Home page is populated
]]></system-out>
  </testcase>
  <testcase name="Home page is populated" classname="Home page default login #1" time="0">
    <system-out><![CDATA[Home page is populated
]]></system-out>
  </testcase>
  <testcase name="Cards are displayed &quot;true&quot;" classname="Home page default login #1" time="0.001">
    <system-out><![CDATA[true
]]></system-out>
  </testcase>
  <testcase name="Cards are displayed &quot;true&quot;" classname="Home page default login #1" time="0">
    <system-out><![CDATA[true
]]></system-out>
  </testcase>
  <testcase name="" classname="Home page default login #1" time="0.001"/>
  <testcase name="" classname="Home page default login #1" time="0"/>
  <testcase name="User login into application with &quot;Rishabh&quot; and &quot;1234&quot;" classname="Home page default login #1" time="0.001">
    <system-out><![CDATA[Rishabh
1234
]]></system-out>
  </testcase>
  <testcase name="Validate the browser" classname="Home page default login #2" time="0">
    <system-out><![CDATA[Validate the browse
]]></system-out>
  </testcase>
  <testcase name="Browser is triggered" classname="Home page default login #2" time="0">
    <system-out><![CDATA[Browser is triggered
]]></system-out>
  </testcase>
  <testcase name="Check if browser is started" classname="Home page default login #2" time="0.001">
    <system-out><![CDATA[Check if browser is starte
]]></system-out>
  </testcase>
  <testcase name="User is on landing page" classname="Home page default login #2" time="0">
    <system-out><![CDATA[User is on landing page
]]></system-out>
  </testcase>
  <testcase name="User is on landing page" classname="Home page default login #2" time="0.002">
    <system-out><![CDATA[User is on landing page
]]></system-out>
  </testcase>
  <testcase name="User login in to application with Risha and 1236" classname="Home page default login #2" time="0.001">
    <system-out><![CDATA[Risha
1236
]]></system-out>
  </testcase>
  <testcase name="Home page is populated" classname="Home page default login #2" time="0">
    <system-out><![CDATA[Home page is populated
]]></system-out>
  </testcase>
  <testcase name="Home page is populated" classname="Home page default login #2" time="0">
    <system-out><![CDATA[Home page is populated
]]></system-out>
  </testcase>
  <testcase name="Cards are displayed &quot;true&quot;" classname="Home page default login #2" time="0.001">
    <system-out><![CDATA[true
]]></system-out>
  </testcase>
  <testcase name="" classname="Home page default login #2" time="0.001"/>
  <testcase name="" classname="Home page default login #2" time="0.001"/>
  <testcase name="User login into application with &quot;John&quot; and &quot;2345&quot;" classname="Home page default login #2" time="0.001">
    <system-out><![CDATA[John
2345
]]></system-out>
  </testcase>
  <testcase name="Cards are displayed &quot;false&quot;" classname="Home page default login #2" time="0.001">
    <system-out><![CDATA[false
]]></system-out>
  </testcase>
  <testcase name="Validate the browser" classname="Home page default login #3" time="0">
    <system-out><![CDATA[Validate the browse
]]></system-out>
  </testcase>
  <testcase name="Browser is triggered" classname="Home page default login #3" time="0">
    <system-out><![CDATA[Browser is triggered
]]></system-out>
  </testcase>
  <testcase name="Check if browser is started" classname="Home page default login #3" time="0.001">
    <system-out><![CDATA[Check if browser is starte
]]></system-out>
  </testcase>
  <testcase name="User is on landing page" classname="Home page default login #3" time="0">
    <system-out><![CDATA[User is on landing page
]]></system-out>
  </testcase>
  <testcase name="User is on landing page" classname="Home page default login #3" time="0">
    <system-out><![CDATA[User is on landing page
]]></system-out>
  </testcase>
  <testcase name="User login in to application with Ris and 12347" classname="Home page default login #3" time="0.001">
    <system-out><![CDATA[Ris
12347
]]></system-out>
  </testcase>
  <testcase name="Home page is populated" classname="Home page default login #3" time="0.001">
    <system-out><![CDATA[Home page is populated
]]></system-out>
  </testcase>
  <testcase name="Home page is populated" classname="Home page default login #3" time="0.001">
    <system-out><![CDATA[Home page is populated
]]></system-out>
  </testcase>
  <testcase name="Cards are displayed &quot;true&quot;" classname="Home page default login #3" time="0">
    <system-out><![CDATA[true
]]></system-out>
  </testcase>
  <testcase name="" classname="Home page default login #3" time="0"/>
  <testcase name="" classname="Home page default login #3" time="0"/>
  <testcase name="User login into application with &quot;John&quot; and &quot;2345&quot;" classname="Home page default login #3" time="0.001">
    <system-out><![CDATA[John
2345
]]></system-out>
  </testcase>
  <testcase name="Cards are displayed &quot;false&quot;" classname="Home page default login #3" time="0">
    <system-out><![CDATA[false
]]></system-out>
  </testcase>
  <testcase name="Validate the browser" classname="Home page default login #4" time="0">
    <system-out><![CDATA[Validate the browse
]]></system-out>
  </testcase>
  <testcase name="Browser is triggered" classname="Home page default login #4" time="0.001">
    <system-out><![CDATA[Browser is triggered
]]></system-out>
  </testcase>
  <testcase name="Check if browser is started" classname="Home page default login #4" time="0">
    <system-out><![CDATA[Check if browser is starte
]]></system-out>
  </testcase>
  <testcase name="User is on landing page" classname="Home page default login #4" time="0.001">
    <system-out><![CDATA[User is on landing page
]]></system-out>
  </testcase>
  <testcase name="User is on landing page" classname="Home page default login #4" time="0">
    <system-out><![CDATA[User is on landing page
]]></system-out>
  </testcase>
  <testcase name="User login in to application with Ri and 12366" classname="Home page default login #4" time="0.001">
    <system-out><![CDATA[Ri
12366
]]></system-out>
  </testcase>
  <testcase name="Home page is populated" classname="Home page default login #4" time="0">
    <system-out><![CDATA[Home page is populated
]]></system-out>
  </testcase>
  <testcase name="Home page is populated" classname="Home page default login #4" time="0">
    <system-out><![CDATA[Home page is populated
]]></system-out>
  </testcase>
  <testcase name="Cards are displayed &quot;true&quot;" classname="Home page default login #4" time="0">
    <system-out><![CDATA[true
]]></system-out>
  </testcase>
  <testcase name="" classname="Home page default login #4" time="0"/>
  <testcase name="" classname="Home page default login #4" time="0.001"/>
  <testcase name="User login into application with &quot;John&quot; and &quot;2345&quot;" classname="Home page default login #4" time="0.001">
    <system-out><![CDATA[John
2345
]]></system-out>
  </testcase>
  <testcase name="Cards are displayed &quot;false&quot;" classname="Home page default login #4" time="0.001">
    <system-out><![CDATA[false
]]></system-out>
  </testcase>
</testsuite>